<?xml version="1.0" encoding="UTF-8"?>
<testsuite xmlns:xsi="http://www.w3.org/2001/XMLSchema-instance" xsi:noNamespaceSchemaLocation="https://maven.apache.org/surefire/maven-surefire-plugin/xsd/surefire-test-report-3.0.xsd" version="3.0" name="com.univer.students.StudentsApplicationTests" time="14.94" tests="1" errors="0" skipped="0" failures="0">
  <properties>
[...]
</properties>
  <testcase name="contextLoads" classname="com.univer.students.StudentsApplicationTests" time="1.918">
    <system-out><![CDATA[19:38:01.876 [main] INFO org.springframework.test.context.support.AnnotationConfigContextLoaderUtils -- Could not detect default configuration classes for test class [com.univer.students.StudentsApplicationTests]: StudentsApplicationTests does not declare any static, non-private, non-final, nested classes annotated with @Configuration.
19:38:02.204 [main] INFO org.springframework.boot.test.context.SpringBootTestContextBootstrapper -- Found @SpringBootConfiguration com.univer.students.StudentsApplication for test class com.univer.students.StudentsApplicationTests

  .   ____          _            __ _ _
 /\\ / ___'_ __ _ _(_)_ __  __ _ \ \ \ \
( ( )\___ | '_ | '_| | '_ \/ _` | \ \ \ \
 \\/  ___)| |_)| | | | | || (_| |  ) ) ) )
  '  |____| .__|_| |_|_| |_\__, | / / / /
 =========|_|==============|___/=/_/_/_/
 :: Spring Boot ::                (v3.2.5)

2024-06-10T19:38:03.580-06:00  INFO 5444 --- [students] [           main] c.u.students.StudentsApplicationTests    : Starting StudentsApplicationTests using Java 17.0.8 with PID 5444 (started by jbece in C:\Users\jbece\Desktop\proyecto\VLISC901-students)
2024-06-10T19:38:03.588-06:00  INFO 5444 --- [students] [           main] c.u.students.StudentsApplicationTests    : No active profile set, falling back to 1 default profile: "default"
2024-06-10T19:38:05.978-06:00  INFO 5444 --- [students] [           main] .s.d.r.c.RepositoryConfigurationDelegate : Bootstrapping Spring Data JPA repositories in DEFAULT mode.
2024-06-10T19:38:06.166-06:00  INFO 5444 --- [students] [           main] .s.d.r.c.RepositoryConfigurationDelegate : Finished Spring Data repository scanning in 148 ms. Found 1 JPA repository interface.
2024-06-10T19:38:07.471-06:00  INFO 5444 --- [students] [           main] com.zaxxer.hikari.HikariDataSource       : HikariPool-1 - Starting...
2024-06-10T19:38:08.004-06:00  INFO 5444 --- [students] [           main] com.zaxxer.hikari.pool.HikariPool        : HikariPool-1 - Added connection conn0: url=jdbc:h2:mem:testdb user=SA
2024-06-10T19:38:08.009-06:00  INFO 5444 --- [students] [           main] com.zaxxer.hikari.HikariDataSource       : HikariPool-1 - Start completed.
2024-06-10T19:38:08.134-06:00  INFO 5444 --- [students] [           main] o.hibernate.jpa.internal.util.LogHelper  : HHH000204: Processing PersistenceUnitInfo [name: default]
2024-06-10T19:38:08.309-06:00  INFO 5444 --- [students] [           main] org.hibernate.Version                    : HHH000412: Hibernate ORM core version 6.4.4.Final
2024-06-10T19:38:08.417-06:00  INFO 5444 --- [students] [           main] o.h.c.internal.RegionFactoryInitiator    : HHH000026: Second-level cache disabled
2024-06-10T19:38:09.457-06:00  INFO 5444 --- [students] [           main] o.s.o.j.p.SpringPersistenceUnitInfo      : No LoadTimeWeaver setup: ignoring JPA class transformer
2024-06-10T19:38:09.620-06:00  WARN 5444 --- [students] [           main] org.hibernate.orm.deprecation            : HHH90000025: H2Dialect does not need to be specified explicitly using 'hibernate.dialect' (remove the property setting and it will be selected by default)
2024-06-10T19:38:11.576-06:00  INFO 5444 --- [students] [           main] o.h.e.t.j.p.i.JtaPlatformInitiator       : HHH000489: No JTA platform available (set 'hibernate.transaction.jta.platform' to enable JTA platform integration)
2024-06-10T19:38:11.659-06:00  INFO 5444 --- [students] [           main] j.LocalContainerEntityManagerFactoryBean : Initialized JPA EntityManagerFactory for persistence unit 'default'
2024-06-10T19:38:12.875-06:00  WARN 5444 --- [students] [           main] JpaBaseConfiguration$JpaWebConfiguration : spring.jpa.open-in-view is enabled by default. Therefore, database queries may be performed during view rendering. Explicitly configure spring.jpa.open-in-view to disable this warning
2024-06-10T19:38:12.963-06:00  INFO 5444 --- [students] [           main] o.s.b.a.w.s.WelcomePageHandlerMapping    : Adding welcome page: class path resource [static/index.html]
2024-06-10T19:38:14.250-06:00  INFO 5444 --- [students] [           main] o.s.b.a.h2.H2ConsoleAutoConfiguration    : H2 console available at '/h2-console'. Database available at 'jdbc:h2:mem:testdb'
2024-06-10T19:38:14.433-06:00  INFO 5444 --- [students] [           main] c.u.students.StudentsApplicationTests    : Started StudentsApplicationTests in 11.595 seconds (process running for 14.47)
]]></system-out>
  </testcase>
</testsuite>